GET /products at time 16:40:01 GMT+0530 (India Standard Time)
GET /users at time 16:40:19 GMT+0530 (India Standard Time)
GET /users at time 16:52:36 GMT+0530 (India Standard Time)
GET /products at time 16:53:01 GMT+0530 (India Standard Time)
GET /users at time 16:53:05 GMT+0530 (India Standard Time)
GET /users at time 16:54:00 GMT+0530 (India Standard Time)
GET /users/61def3afc66350ec7d275f4a at time 16:54:06 GMT+0530 (India Standard Time)
GET / at time 17:14:51 GMT+0530 (India Standard Time)
GET / at time 17:37:45 GMT+0530 (India Standard Time)
GET / at time 17:38:05 GMT+0530 (India Standard Time)
GET / at time 17:38:06 GMT+0530 (India Standard Time)
GET / at time 17:38:34 GMT+0530 (India Standard Time)
GET / at time 17:38:36 GMT+0530 (India Standard Time)
GET / at time 17:41:03 GMT+0530 (India Standard Time)
GET /bootstrap-5.1.3-dist/css/bootstrap.min.css at time 17:41:03 GMT+0530 (India Standard Time)
GET / at time 17:41:05 GMT+0530 (India Standard Time)
GET /bootstrap-5.1.3-dist/css/bootstrap.min.css at time 17:41:05 GMT+0530 (India Standard Time)
GET / at time 21:09:37 GMT+0530 (India Standard Time)
GET /bootstrap-5.1.3-dist/js/bootstrap.min.js at time 21:09:47 GMT+0530 (India Standard Time)
GET /bootstrap-5.1.3-dist/css/bootstrap.min.css at time 21:09:47 GMT+0530 (India Standard Time)
POST /users at time 21:43:04 GMT+0530 (India Standard Time)
POST /users at time 21:47:06 GMT+0530 (India Standard Time)
GET /users at time 21:47:54 GMT+0530 (India Standard Time)
PUT /users/61def3afc66350ec7d275f4a at time 21:48:46 GMT+0530 (India Standard Time)
PUT /users/61def3afc66350ec7d275f4a at time 21:49:35 GMT+0530 (India Standard Time)
DELETE /users/61def3afc66350ec7d275f4a at time 21:50:31 GMT+0530 (India Standard Time)
DELETE /users/61def3afc66350ec7d275f4a at time 21:50:38 GMT+0530 (India Standard Time)
DELETE /users/61def3afc66350ec7d275f4a at time 21:50:47 GMT+0530 (India Standard Time)
GET /users/61def3afc66350ec7d275f4a at time 21:50:53 GMT+0530 (India Standard Time)
GET /products at time 08:45:11 GMT+0530 (India Standard Time)
GET /users at time 08:45:15 GMT+0530 (India Standard Time)
GET /users at time 08:54:50 GMT+0530 (India Standard Time)
GET /users at time 09:12:14 GMT+0530 (India Standard Time)
GET /users at time 09:12:40 GMT+0530 (India Standard Time)
GET /products at time 10:43:47 GMT+0530 (India Standard Time)
GET /users/61def3afc66350ec7d275f4a at time 10:51:07 GMT+0530 (India Standard Time)
GET /users at time 10:51:14 GMT+0530 (India Standard Time)
GET /products at time 10:51:54 GMT+0530 (India Standard Time)
GET /favicon.ico at time 10:51:55 GMT+0530 (India Standard Time)
GET / at time 10:52:01 GMT+0530 (India Standard Time)
GET /bootstrap-5.1.3-dist/css/bootstrap.min.css at time 10:52:02 GMT+0530 (India Standard Time)
GET /bootstrap-5.1.3-dist/js/bootstrap.min.js at time 10:52:02 GMT+0530 (India Standard Time)
GET /page/products at time 10:52:11 GMT+0530 (India Standard Time)
GET /bootstrap-5.1.3-dist/css/bootstrap.min.css at time 10:52:11 GMT+0530 (India Standard Time)
GET /page/bootstrap-5.1.3-dist/js/bootstrap.min.js at time 10:52:11 GMT+0530 (India Standard Time)
GET /page/products at time 11:01:39 GMT+0530 (India Standard Time)
GET /bootstrap-5.1.3-dist/css/bootstrap.min.css at time 11:01:40 GMT+0530 (India Standard Time)
GET /page/bootstrap-5.1.3-dist/js/bootstrap.min.js at time 11:01:40 GMT+0530 (India Standard Time)
GET /page/products at time 11:11:46 GMT+0530 (India Standard Time)
GET /bootstrap-5.1.3-dist/css/bootstrap.min.css at time 11:11:47 GMT+0530 (India Standard Time)
GET /page/bootstrap-5.1.3-dist/js/bootstrap.min.js at time 11:11:47 GMT+0530 (India Standard Time)
GET /page/products at time 11:18:45 GMT+0530 (India Standard Time)
GET /bootstrap-5.1.3-dist/css/bootstrap.min.css at time 11:18:46 GMT+0530 (India Standard Time)
GET /page/... at time 11:18:46 GMT+0530 (India Standard Time)
GET /page/bootstrap-5.1.3-dist/js/bootstrap.min.js at time 11:18:46 GMT+0530 (India Standard Time)
GET /page/products at time 11:24:31 GMT+0530 (India Standard Time)
GET /page/products at time 11:27:19 GMT+0530 (India Standard Time)
GET /page/products at time 11:27:21 GMT+0530 (India Standard Time)
GET /page/products at time 11:28:34 GMT+0530 (India Standard Time)
GET /page/products at time 11:29:34 GMT+0530 (India Standard Time)
GET /page/products at time 11:29:36 GMT+0530 (India Standard Time)
GET /page/products at time 11:29:41 GMT+0530 (India Standard Time)
GET /page/products at time 11:35:50 GMT+0530 (India Standard Time)
GET /bootstrap-5.1.3-dist/css/bootstrap.min.css at time 11:35:51 GMT+0530 (India Standard Time)
GET /page/bootstrap-5.1.3-dist/js/bootstrap.min.js at time 11:35:51 GMT+0530 (India Standard Time)
GET /page/products at time 11:37:41 GMT+0530 (India Standard Time)
GET /bootstrap-5.1.3-dist/css/bootstrap.min.css at time 11:37:41 GMT+0530 (India Standard Time)
GET /page/bootstrap-5.1.3-dist/js/bootstrap.min.js at time 11:37:41 GMT+0530 (India Standard Time)
GET /page/products at time 11:37:43 GMT+0530 (India Standard Time)
GET /bootstrap-5.1.3-dist/css/bootstrap.min.css at time 11:37:43 GMT+0530 (India Standard Time)
GET /page/bootstrap-5.1.3-dist/js/bootstrap.min.js at time 11:37:43 GMT+0530 (India Standard Time)
GET / at time 11:38:13 GMT+0530 (India Standard Time)
GET /bootstrap-5.1.3-dist/css/bootstrap.min.css at time 11:38:13 GMT+0530 (India Standard Time)
GET /bootstrap-5.1.3-dist/js/bootstrap.min.js at time 11:38:13 GMT+0530 (India Standard Time)
GET / at time 11:38:17 GMT+0530 (India Standard Time)
GET /bootstrap-5.1.3-dist/css/bootstrap.min.css at time 11:38:17 GMT+0530 (India Standard Time)
GET /bootstrap-5.1.3-dist/js/bootstrap.min.js at time 11:38:17 GMT+0530 (India Standard Time)
GET /page/products at time 11:38:18 GMT+0530 (India Standard Time)
GET /bootstrap-5.1.3-dist/css/bootstrap.min.css at time 11:38:18 GMT+0530 (India Standard Time)
GET /page/bootstrap-5.1.3-dist/js/bootstrap.min.js at time 11:38:18 GMT+0530 (India Standard Time)
GET /products at time 11:39:40 GMT+0530 (India Standard Time)
GET / at time 11:39:44 GMT+0530 (India Standard Time)
GET /bootstrap-5.1.3-dist/css/bootstrap.min.css at time 11:39:44 GMT+0530 (India Standard Time)
GET /bootstrap-5.1.3-dist/js/bootstrap.min.js at time 11:39:45 GMT+0530 (India Standard Time)
GET /page/products at time 11:39:54 GMT+0530 (India Standard Time)
GET /bootstrap-5.1.3-dist/css/bootstrap.min.css at time 11:39:55 GMT+0530 (India Standard Time)
GET /page/bootstrap-5.1.3-dist/js/bootstrap.min.js at time 11:39:55 GMT+0530 (India Standard Time)
GET / at time 11:44:43 GMT+0530 (India Standard Time)
GET /bootstrap-5.1.3-dist/css/bootstrap.min.css at time 11:44:43 GMT+0530 (India Standard Time)
GET /bootstrap-5.1.3-dist/js/bootstrap.min.js at time 11:44:43 GMT+0530 (India Standard Time)
GET /page/products at time 11:44:46 GMT+0530 (India Standard Time)
GET /bootstrap-5.1.3-dist/css/bootstrap.min.css at time 11:44:46 GMT+0530 (India Standard Time)
GET /page/bootstrap-5.1.3-dist/js/bootstrap.min.js at time 11:44:46 GMT+0530 (India Standard Time)
GET / at time 11:45:07 GMT+0530 (India Standard Time)
GET /bootstrap-5.1.3-dist/css/bootstrap.min.css at time 11:45:08 GMT+0530 (India Standard Time)
GET /bootstrap-5.1.3-dist/js/bootstrap.min.js at time 11:45:08 GMT+0530 (India Standard Time)
GET /users at time 11:45:13 GMT+0530 (India Standard Time)
GET /users at time 11:45:41 GMT+0530 (India Standard Time)
GET /users at time 11:46:12 GMT+0530 (India Standard Time)
GET /users at time 11:46:46 GMT+0530 (India Standard Time)
POST /users at time 11:47:22 GMT+0530 (India Standard Time)
POST /users/61e11572e370e06deaae6261 at time 11:47:46 GMT+0530 (India Standard Time)
GET /users/61e11572e370e06deaae6261 at time 11:47:51 GMT+0530 (India Standard Time)
PUT /users/61e11572e370e06deaae6261 at time 11:48:09 GMT+0530 (India Standard Time)
GET /page/products at time 12:12:51 GMT+0530 (India Standard Time)
GET /bootstrap-5.1.3-dist/css/bootstrap.min.css at time 12:12:51 GMT+0530 (India Standard Time)
GET /page/bootstrap-5.1.3-dist/js/bootstrap.min.js at time 12:12:51 GMT+0530 (India Standard Time)
GET /products at time 12:12:58 GMT+0530 (India Standard Time)
GET /users at time 12:44:53 GMT+0530 (India Standard Time)
GET /users at time 12:45:02 GMT+0530 (India Standard Time)
POST /users/61ddf570398fd2808ad9cbae/reviews at time 12:46:48 GMT+0530 (India Standard Time)
POST /users/61de76547add2916e5156186/reviews at time 12:47:06 GMT+0530 (India Standard Time)
POST /products/61de76547add2916e5156186/reviews at time 12:48:34 GMT+0530 (India Standard Time)
GET /products/61de76547add2916e5156186/reviews at time 12:48:52 GMT+0530 (India Standard Time)
GET /users at time 12:49:04 GMT+0530 (India Standard Time)
POST /products/61ddf570398fd2808ad9cbae/reviews at time 12:49:35 GMT+0530 (India Standard Time)
POST /products/61ddf570398fd2808ad9cbae/reviews at time 12:49:49 GMT+0530 (India Standard Time)
GET /users at time 12:50:38 GMT+0530 (India Standard Time)
POST /products/61ddf570398fd2808ad9cbae/reviews at time 12:50:52 GMT+0530 (India Standard Time)
POST /products/61ddf570398fd2808ad9cbae/reviews at time 12:51:14 GMT+0530 (India Standard Time)
GET /products at time 12:59:32 GMT+0530 (India Standard Time)
GET /users at time 13:00:33 GMT+0530 (India Standard Time)
POST /products/61ddf54d398fd2808ad9cba7/reviews at time 13:00:56 GMT+0530 (India Standard Time)
POST /products/61ddf54d398fd2808ad9cba7/reviews at time 13:01:49 GMT+0530 (India Standard Time)
GET /users at time 13:02:38 GMT+0530 (India Standard Time)
POST /users at time 13:03:21 GMT+0530 (India Standard Time)
POST /users at time 13:03:37 GMT+0530 (India Standard Time)
PUT /users/61ddf570398fd2808ad9cbae at time 13:04:09 GMT+0530 (India Standard Time)
PUT /users/61ddf570398fd2808ad9cbae at time 13:04:38 GMT+0530 (India Standard Time)
GET /products at time 14:37:27 GMT+0530 (India Standard Time)
GET /products/61ddf54d398fd2808ad9cba7 at time 14:38:37 GMT+0530 (India Standard Time)
GET /users at time 14:38:42 GMT+0530 (India Standard Time)
GET /users/61e11572e370e06deaae6261 at time 14:38:53 GMT+0530 (India Standard Time)
GET /users/61e11572e370e06deaae6261 at time 14:53:43 GMT+0530 (India Standard Time)
GET /users at time 14:53:47 GMT+0530 (India Standard Time)
GET /products at time 14:53:50 GMT+0530 (India Standard Time)
GET /products/61ddf54d398fd2808ad9cba at time 14:54:56 GMT+0530 (India Standard Time)
GET /products at time 14:55:05 GMT+0530 (India Standard Time)
GET /products/61dea5a8398fd2808ad9cbb at time 14:55:17 GMT+0530 (India Standard Time)
GET /products at time 14:55:29 GMT+0530 (India Standard Time)
GET /products/%2261ddf54d398fd2808ad9cba7%22, at time 14:55:39 GMT+0530 (India Standard Time)
GET /products/61ddf54d398fd2808ad9cba7 at time 14:55:45 GMT+0530 (India Standard Time)
GET /products/61ddf54d398fd2808ad9cba7/reviews at time 14:56:04 GMT+0530 (India Standard Time)
GET /users at time 15:43:25 GMT+0530 (India Standard Time)
GET /users at time 15:43:57 GMT+0530 (India Standard Time)
GET /users/61e11572e370e06deaae6261 at time 15:44:20 GMT+0530 (India Standard Time)
POST /auth/login at time 15:44:45 GMT+0530 (India Standard Time)
POST /auth/login at time 15:45:40 GMT+0530 (India Standard Time)
POST /auth/login at time 16:02:07 GMT+0530 (India Standard Time)
POST /auth/login at time 16:04:53 GMT+0530 (India Standard Time)
GET /users at time 16:05:10 GMT+0530 (India Standard Time)
GET /users/61ddf570398fd2808ad9cbae at time 16:05:27 GMT+0530 (India Standard Time)
POST /auth/login at time 16:05:52 GMT+0530 (India Standard Time)
POST /auth/login at time 16:19:06 GMT+0530 (India Standard Time)
GET /users at time 16:56:35 GMT+0530 (India Standard Time)
GET /users/61ddf570398fd2808ad9cbae at time 16:57:13 GMT+0530 (India Standard Time)
GET /users/61ddf570398fd2808ad9cbae at time 16:57:22 GMT+0530 (India Standard Time)
GET /favicon.ico at time 16:57:25 GMT+0530 (India Standard Time)
GET /auth/login at time 16:58:34 GMT+0530 (India Standard Time)
POST /auth/login at time 16:58:39 GMT+0530 (India Standard Time)
GET /auth/login at time 16:59:32 GMT+0530 (India Standard Time)
POST /auth/login at time 17:00:17 GMT+0530 (India Standard Time)
POST /auth/login at time 17:05:02 GMT+0530 (India Standard Time)
GET /users at time 17:05:12 GMT+0530 (India Standard Time)
GET /users at time 17:14:06 GMT+0530 (India Standard Time)
GET /users at time 17:14:36 GMT+0530 (India Standard Time)
GET /users at time 17:14:52 GMT+0530 (India Standard Time)
GET /users at time 17:17:34 GMT+0530 (India Standard Time)
GET /users at time 17:18:46 GMT+0530 (India Standard Time)
GET /users at time 17:19:02 GMT+0530 (India Standard Time)
GET /users at time 17:41:17 GMT+0530 (India Standard Time)
GET / at time 21:44:26 GMT+0530 (India Standard Time)
GET /bootstrap-5.1.3-dist/css/bootstrap.min.css at time 21:44:26 GMT+0530 (India Standard Time)
GET /bootstrap-5.1.3-dist/js/bootstrap.min.js at time 21:44:26 GMT+0530 (India Standard Time)
GET /favicon.ico at time 21:44:26 GMT+0530 (India Standard Time)
GET /orders at time 21:44:41 GMT+0530 (India Standard Time)
GET /products at time 21:57:36 GMT+0530 (India Standard Time)
GET /users at time 21:57:43 GMT+0530 (India Standard Time)
GET /users at time 21:59:09 GMT+0530 (India Standard Time)
GET /users/61f2c15a5e56725c7fef4b59 at time 21:59:29 GMT+0530 (India Standard Time)
GET /users/61f2c15a5e56725c7fef4b59 at time 23:44:56 GMT+0530 (India Standard Time)
GET /users/61f2c15a5e56725c7fef4b59 at time 23:46:21 GMT+0530 (India Standard Time)
GET /users/61f2c15a5e56725c7fef4b59 at time 23:46:35 GMT+0530 (India Standard Time)
GET /users at time 23:46:47 GMT+0530 (India Standard Time)
GET /orders at time 23:47:04 GMT+0530 (India Standard Time)
GET /products at time 23:47:17 GMT+0530 (India Standard Time)
POST /products/61f2c1725e56725c7fef4b63/reviews at time 23:48:51 GMT+0530 (India Standard Time)
POST /products/61f2c1725e56725c7fef4b63/reviews at time 23:49:19 GMT+0530 (India Standard Time)
POST /products/61f2c1725e56725c7fef4b63/reviews at time 23:49:20 GMT+0530 (India Standard Time)
PUT /products/61f2c1725e56725c7fef4b63/reviews at time 23:49:38 GMT+0530 (India Standard Time)
PUT /products/61f2c1725e56725c7fef4b63 at time 23:49:43 GMT+0530 (India Standard Time)
PUT /products at time 23:50:01 GMT+0530 (India Standard Time)
DELETE /products/61f2c1725e56725c7fef4b63 at time 23:50:16 GMT+0530 (India Standard Time)
DELETE /products/61f2c1725e56725c7fef4b63 at time 23:50:17 GMT+0530 (India Standard Time)
GET /products/61f2c1725e56725c7fef4b63 at time 23:50:49 GMT+0530 (India Standard Time)
GET /products at time 23:50:55 GMT+0530 (India Standard Time)
GET /users at time 23:51:01 GMT+0530 (India Standard Time)
GET /users at time 23:51:11 GMT+0530 (India Standard Time)
